<?xml version="1.0" encoding="UTF-8"?>
<coverage generated="1522556323821" clover="3.2.0">
  <project timestamp="1522556323821" name="All files">
    <metrics statements="12" coveredstatements="10" conditionals="0" coveredconditionals="0" methods="6" coveredmethods="4" elements="18" coveredelements="14" complexity="0" loc="12" ncloc="12" packages="1" files="3" classes="3">
      <file name="ViewAll.jsx" path="/home/jonathan/Documents/React-Chillflix/js/ViewAll.jsx">
        <metrics statements="5" coveredstatements="5" conditionals="0" coveredconditionals="0" methods="4" coveredmethods="4"/>
        <line num="7" count="1" type="stmt"/>
        <line num="18" count="1" type="stmt"/>
        <line num="21" count="4" type="stmt"/>
        <line num="35" count="60" type="stmt"/>
        <line num="37" count="46" type="stmt"/>
      </file>
      <file name="showCard.jsx" path="/home/jonathan/Documents/React-Chillflix/js/showCard.jsx">
        <metrics statements="4" coveredstatements="3" conditionals="0" coveredconditionals="0" methods="1" coveredmethods="0"/>
        <line num="4" count="1" type="stmt"/>
        <line num="12" count="1" type="stmt"/>
        <line num="15" count="1" type="stmt"/>
        <line num="16" count="0" type="stmt"/>
      </file>
      <file name="userLogo.jsx" path="/home/jonathan/Documents/React-Chillflix/js/userLogo.jsx">
        <metrics statements="3" coveredstatements="2" conditionals="0" coveredconditionals="0" methods="1" coveredmethods="0"/>
        <line num="4" count="1" type="stmt"/>
        <line num="10" count="1" type="stmt"/>
        <line num="11" count="0" type="stmt"/>
      </file>
    </metrics>
  </project>
</coverage>
