{"/home/jonathan/Documents/React-Chillflix/js/ViewAll.jsx": {"path":"/home/jonathan/Documents/React-Chillflix/js/ViewAll.jsx","statementMap":{"0":{"start":{"line":7,"column":16},"end":{"line":11,"column":1}},"1":{"start":{"line":18,"column":4},"end":{"line":18,"column":54}},"2":{"start":{"line":21,"column":4},"end":{"line":40,"column":6}},"3":{"start":{"line":35,"column":14},"end":{"line":35,"column":109}},"4":{"start":{"line":37,"column":25},"end":{"line":37,"column":65}}},"fnMap":{"0":{"name":"(anonymous_0)","decl":{"start":{"line":17,"column":27},"end":{"line":17,"column":28}},"loc":{"start":{"line":17,"column":36},"end":{"line":19,"column":3}},"line":17},"1":{"name":"(anonymous_1)","decl":{"start":{"line":20,"column":2},"end":{"line":20,"column":3}},"loc":{"start":{"line":20,"column":11},"end":{"line":41,"column":3}},"line":20},"2":{"name":"(anonymous_2)","decl":{"start":{"line":34,"column":20},"end":{"line":34,"column":21}},"loc":{"start":{"line":35,"column":14},"end":{"line":35,"column":109}},"line":35},"3":{"name":"(anonymous_3)","decl":{"start":{"line":37,"column":17},"end":{"line":37,"column":18}},"loc":{"start":{"line":37,"column":25},"end":{"line":37,"column":65}},"line":37}},"branchMap":{},"s":{"0":1,"1":1,"2":4,"3":60,"4":46},"f":{"0":1,"1":4,"2":60,"3":46},"b":{},"_coverageSchema":"332fd63041d2c1bcb487cc26dd0d5f7d97098a6c","hash":"515eafbe5d2b194d1667ce3d45b6bb89cb2e5024"}
,"/home/jonathan/Documents/React-Chillflix/js/showCard.jsx": {"path":"/home/jonathan/Documents/React-Chillflix/js/showCard.jsx","statementMap":{"0":{"start":{"line":4,"column":24},"end":{"line":11,"column":1}},"1":{"start":{"line":12,"column":12},"end":{"line":14,"column":1}},"2":{"start":{"line":15,"column":17},"end":{"line":24,"column":1}},"3":{"start":{"line":16,"column":2},"end":{"line":23,"column":20}}},"fnMap":{"0":{"name":"(anonymous_0)","decl":{"start":{"line":15,"column":17},"end":{"line":15,"column":18}},"loc":{"start":{"line":16,"column":2},"end":{"line":23,"column":20}},"line":16}},"branchMap":{},"s":{"0":1,"1":1,"2":1,"3":0},"f":{"0":0},"b":{},"_coverageSchema":"332fd63041d2c1bcb487cc26dd0d5f7d97098a6c","hash":"8145c216de8405667fc4c645450973bde0939c52"}
,"/home/jonathan/Documents/React-Chillflix/js/userLogo.jsx": {"path":"/home/jonathan/Documents/React-Chillflix/js/userLogo.jsx","statementMap":{"0":{"start":{"line":4,"column":19},"end":{"line":8,"column":1}},"1":{"start":{"line":10,"column":13},"end":{"line":14,"column":1}},"2":{"start":{"line":11,"column":2},"end":{"line":13,"column":8}}},"fnMap":{"0":{"name":"(anonymous_0)","decl":{"start":{"line":10,"column":13},"end":{"line":10,"column":14}},"loc":{"start":{"line":11,"column":2},"end":{"line":13,"column":8}},"line":11}},"branchMap":{},"s":{"0":1,"1":1,"2":0},"f":{"0":0},"b":{},"_coverageSchema":"332fd63041d2c1bcb487cc26dd0d5f7d97098a6c","hash":"3d3092207dfe7bf5583d85304d3078dde893ded6"}
}
