TN:
SF:/home/jonathan/Documents/React-Chillflix/js/ViewAll.jsx
FN:17,(anonymous_0)
FN:20,(anonymous_1)
FN:34,(anonymous_2)
FN:37,(anonymous_3)
FNF:4
FNH:4
FNDA:1,(anonymous_0)
FNDA:4,(anonymous_1)
FNDA:60,(anonymous_2)
FNDA:46,(anonymous_3)
DA:7,1
DA:18,1
DA:21,4
DA:35,60
DA:37,46
LF:5
LH:5
BRF:0
BRH:0
end_of_record
TN:
SF:/home/jonathan/Documents/React-Chillflix/js/showCard.jsx
FN:15,(anonymous_0)
FNF:1
FNH:0
FNDA:0,(anonymous_0)
DA:4,1
DA:12,1
DA:15,1
DA:16,0
LF:4
LH:3
BRF:0
BRH:0
end_of_record
TN:
SF:/home/jonathan/Documents/React-Chillflix/js/userLogo.jsx
FN:10,(anonymous_0)
FNF:1
FNH:0
FNDA:0,(anonymous_0)
DA:4,1
DA:10,1
DA:11,0
LF:3
LH:2
BRF:0
BRH:0
end_of_record
